c:\users\karol\desktop\książki\consoleapplication18\consoleapplication18\debug\consoleapplication18.pch.codeanalysis
c:\users\karol\desktop\książki\consoleapplication18\consoleapplication18\debug\vc140.pdb
c:\users\karol\desktop\książki\consoleapplication18\consoleapplication18\debug\vc140.idb
c:\users\karol\desktop\książki\consoleapplication18\consoleapplication18\debug\consoleapplication18.pch.codeanalysisast
c:\users\karol\desktop\książki\consoleapplication18\consoleapplication18\debug\stdafx.nativecodeanalysis.xml
c:\users\karol\desktop\książki\consoleapplication18\consoleapplication18\debug\stdafx.obj
c:\users\karol\desktop\książki\consoleapplication18\consoleapplication18\debug\consoleapplication18.pch
c:\users\karol\desktop\książki\consoleapplication18\consoleapplication18\debug\account.nativecodeanalysis.xml
c:\users\karol\desktop\książki\consoleapplication18\consoleapplication18\debug\bank.nativecodeanalysis.xml
c:\users\karol\desktop\książki\consoleapplication18\consoleapplication18\debug\client.nativecodeanalysis.xml
c:\users\karol\desktop\książki\consoleapplication18\consoleapplication18\debug\company.nativecodeanalysis.xml
c:\users\karol\desktop\książki\consoleapplication18\consoleapplication18\debug\creditcard.nativecodeanalysis.xml
c:\users\karol\desktop\książki\consoleapplication18\consoleapplication18\debug\euro.nativecodeanalysis.xml
c:\users\karol\desktop\książki\consoleapplication18\consoleapplication18\debug\human.nativecodeanalysis.xml
c:\users\karol\desktop\książki\consoleapplication18\consoleapplication18\debug\money.nativecodeanalysis.xml
c:\users\karol\desktop\książki\consoleapplication18\consoleapplication18\debug\worker.nativecodeanalysis.xml
c:\users\karol\desktop\książki\consoleapplication18\consoleapplication18\debug\worker.obj
c:\users\karol\desktop\książki\consoleapplication18\consoleapplication18\debug\money.obj
c:\users\karol\desktop\książki\consoleapplication18\consoleapplication18\debug\human.obj
c:\users\karol\desktop\książki\consoleapplication18\consoleapplication18\debug\euro.obj
c:\users\karol\desktop\książki\consoleapplication18\consoleapplication18\debug\creditcard.obj
c:\users\karol\desktop\książki\consoleapplication18\consoleapplication18\debug\company.obj
c:\users\karol\desktop\książki\consoleapplication18\consoleapplication18\debug\bank.obj
c:\users\karol\desktop\książki\consoleapplication18\consoleapplication18\debug\account.obj
c:\users\karol\desktop\książki\consoleapplication18\consoleapplication18\debug\consoleapplication18.obj
c:\users\karol\desktop\książki\consoleapplication18\consoleapplication18\debug\client.obj
c:\users\karol\desktop\książki\consoleapplication18\debug\consoleapplication18.ilk
c:\users\karol\desktop\książki\consoleapplication18\debug\consoleapplication18.exe
c:\users\karol\desktop\książki\consoleapplication18\debug\consoleapplication18.pdb
c:\users\karol\desktop\książki\consoleapplication18\consoleapplication18\debug\consoleapplication18.res
c:\users\karol\desktop\książki\consoleapplication18\consoleapplication18\debug\consolea.e2271743.tlog\cl.command.1.tlog
c:\users\karol\desktop\książki\consoleapplication18\consoleapplication18\debug\consolea.e2271743.tlog\cl.read.1.tlog
c:\users\karol\desktop\książki\consoleapplication18\consoleapplication18\debug\consolea.e2271743.tlog\cl.write.1.tlog
c:\users\karol\desktop\książki\consoleapplication18\consoleapplication18\debug\consolea.e2271743.tlog\link.command.1.tlog
c:\users\karol\desktop\książki\consoleapplication18\consoleapplication18\debug\consolea.e2271743.tlog\link.read.1.tlog
c:\users\karol\desktop\książki\consoleapplication18\consoleapplication18\debug\consolea.e2271743.tlog\link.write.1.tlog
c:\users\karol\desktop\książki\consoleapplication18\consoleapplication18\debug\consolea.e2271743.tlog\rc.command.1.tlog
c:\users\karol\desktop\książki\consoleapplication18\consoleapplication18\debug\consolea.e2271743.tlog\rc.read.1.tlog
c:\users\karol\desktop\książki\consoleapplication18\consoleapplication18\debug\consolea.e2271743.tlog\rc.write.1.tlog
